[   14976ms] [INFO] %cDownload the React DevTools for a better development experience: https://react.dev/link/react-devtools font-weight:bold @ webpack-internal:///(app-pages-browser)/./node_modules/.pnpm/next@16.2.1_@babel+core@7.29.0_@opentelemetry+api@1.9.0_babel-plugin-react-compiler@1.0_0686e92fc9dd3d1b2e0aea6aea24f104/node_modules/next/dist/next-devtools/shared/forward-logs-shared.js:27
[   15120ms] [LOG] [HMR] connected @ webpack-internal:///(app-pages-browser)/./node_modules/.pnpm/next@16.2.1_@babel+core@7.29.0_@opentelemetry+api@1.9.0_babel-plugin-react-compiler@1.0_0686e92fc9dd3d1b2e0aea6aea24f104/node_modules/next/dist/next-devtools/shared/forward-logs-shared.js:27
[   15244ms] [WARNING] Clerk: Clerk has been loaded with development keys. Development instances have strict usage limits and should not be used when deploying your application to production. Learn more: https://clerk.com/docs/deployments/overview @ webpack-internal:///(app-pages-browser)/./node_modules/.pnpm/next@16.2.1_@babel+core@7.29.0_@opentelemetry+api@1.9.0_babel-plugin-react-compiler@1.0_0686e92fc9dd3d1b2e0aea6aea24f104/node_modules/next/dist/next-devtools/shared/forward-logs-shared.js:27
[   16834ms] [LOG] %c[Vercel Web Analytics]%c Debug mode is enabled by default in development. No requests will be sent to the server. color: rgb(120, 120, 120) color: inherit @ webpack-internal:///(app-pages-browser)/./node_modules/.pnpm/next@16.2.1_@babel+core@7.29.0_@opentelemetry+api@1.9.0_babel-plugin-react-compiler@1.0_0686e92fc9dd3d1b2e0aea6aea24f104/node_modules/next/dist/next-devtools/shared/forward-logs-shared.js:27
[   16835ms] [LOG] %c[Vercel Web Analytics]%c [view] http://localhost:8931/ color: rgb(120, 120, 120) color: inherit {o: http://localhost:8931/, sv: 0.1.3, sdkn: @vercel/analytics/react, sdkv: 2.0.1, ts: 1777216943544} /_vercel/insights/view @ webpack-internal:///(app-pages-browser)/./node_modules/.pnpm/next@16.2.1_@babel+core@7.29.0_@opentelemetry+api@1.9.0_babel-plugin-react-compiler@1.0_0686e92fc9dd3d1b2e0aea6aea24f104/node_modules/next/dist/next-devtools/shared/forward-logs-shared.js:27
[   21255ms] [LOG] [Fast Refresh] done in 1777216947964ms @ webpack-internal:///(app-pages-browser)/./node_modules/.pnpm/next@16.2.1_@babel+core@7.29.0_@opentelemetry+api@1.9.0_babel-plugin-react-compiler@1.0_0686e92fc9dd3d1b2e0aea6aea24f104/node_modules/next/dist/next-devtools/shared/forward-logs-shared.js:27
[   21277ms] [LOG] [Fast Refresh] rebuilding @ webpack-internal:///(app-pages-browser)/./node_modules/.pnpm/next@16.2.1_@babel+core@7.29.0_@opentelemetry+api@1.9.0_babel-plugin-react-compiler@1.0_0686e92fc9dd3d1b2e0aea6aea24f104/node_modules/next/dist/next-devtools/shared/forward-logs-shared.js:27
[   22800ms] [LOG] [Fast Refresh] done in 1523ms @ webpack-internal:///(app-pages-browser)/./node_modules/.pnpm/next@16.2.1_@babel+core@7.29.0_@opentelemetry+api@1.9.0_babel-plugin-react-compiler@1.0_0686e92fc9dd3d1b2e0aea6aea24f104/node_modules/next/dist/next-devtools/shared/forward-logs-shared.js:27
[   22808ms] [LOG] [Fast Refresh] rebuilding @ webpack-internal:///(app-pages-browser)/./node_modules/.pnpm/next@16.2.1_@babel+core@7.29.0_@opentelemetry+api@1.9.0_babel-plugin-react-compiler@1.0_0686e92fc9dd3d1b2e0aea6aea24f104/node_modules/next/dist/next-devtools/shared/forward-logs-shared.js:27
[   24041ms] [LOG] [Fast Refresh] done in 1232ms @ webpack-internal:///(app-pages-browser)/./node_modules/.pnpm/next@16.2.1_@babel+core@7.29.0_@opentelemetry+api@1.9.0_babel-plugin-react-compiler@1.0_0686e92fc9dd3d1b2e0aea6aea24f104/node_modules/next/dist/next-devtools/shared/forward-logs-shared.js:27
[   24052ms] [LOG] [Fast Refresh] rebuilding @ webpack-internal:///(app-pages-browser)/./node_modules/.pnpm/next@16.2.1_@babel+core@7.29.0_@opentelemetry+api@1.9.0_babel-plugin-react-compiler@1.0_0686e92fc9dd3d1b2e0aea6aea24f104/node_modules/next/dist/next-devtools/shared/forward-logs-shared.js:27
[   25020ms] [LOG] [Fast Refresh] done in 969ms @ webpack-internal:///(app-pages-browser)/./node_modules/.pnpm/next@16.2.1_@babel+core@7.29.0_@opentelemetry+api@1.9.0_babel-plugin-react-compiler@1.0_0686e92fc9dd3d1b2e0aea6aea24f104/node_modules/next/dist/next-devtools/shared/forward-logs-shared.js:27
[   25031ms] [LOG] [Fast Refresh] rebuilding @ webpack-internal:///(app-pages-browser)/./node_modules/.pnpm/next@16.2.1_@babel+core@7.29.0_@opentelemetry+api@1.9.0_babel-plugin-react-compiler@1.0_0686e92fc9dd3d1b2e0aea6aea24f104/node_modules/next/dist/next-devtools/shared/forward-logs-shared.js:27
[   25522ms] [LOG] [Fast Refresh] rebuilding @ webpack-internal:///(app-pages-browser)/./node_modules/.pnpm/next@16.2.1_@babel+core@7.29.0_@opentelemetry+api@1.9.0_babel-plugin-react-compiler@1.0_0686e92fc9dd3d1b2e0aea6aea24f104/node_modules/next/dist/next-devtools/shared/forward-logs-shared.js:27
[   25552ms] [LOG] [Fast Refresh] done in 29ms @ webpack-internal:///(app-pages-browser)/./node_modules/.pnpm/next@16.2.1_@babel+core@7.29.0_@opentelemetry+api@1.9.0_babel-plugin-react-compiler@1.0_0686e92fc9dd3d1b2e0aea6aea24f104/node_modules/next/dist/next-devtools/shared/forward-logs-shared.js:27
[   25685ms] [LOG] %c[Vercel Speed Insights]%c Debug mode is enabled by default in development. No requests will be sent to the server. color: rgb(120, 120, 120) color: inherit @ webpack-internal:///(app-pages-browser)/./node_modules/.pnpm/next@16.2.1_@babel+core@7.29.0_@opentelemetry+api@1.9.0_babel-plugin-react-compiler@1.0_0686e92fc9dd3d1b2e0aea6aea24f104/node_modules/next/dist/next-devtools/shared/forward-logs-shared.js:27
[   26172ms] [LOG] [Fast Refresh] rebuilding @ webpack-internal:///(app-pages-browser)/./node_modules/.pnpm/next@16.2.1_@babel+core@7.29.0_@opentelemetry+api@1.9.0_babel-plugin-react-compiler@1.0_0686e92fc9dd3d1b2e0aea6aea24f104/node_modules/next/dist/next-devtools/shared/forward-logs-shared.js:27
[   26214ms] [LOG] [Fast Refresh] done in 42ms @ webpack-internal:///(app-pages-browser)/./node_modules/.pnpm/next@16.2.1_@babel+core@7.29.0_@opentelemetry+api@1.9.0_babel-plugin-react-compiler@1.0_0686e92fc9dd3d1b2e0aea6aea24f104/node_modules/next/dist/next-devtools/shared/forward-logs-shared.js:27
[   27361ms] [LOG] [Fast Refresh] rebuilding @ webpack-internal:///(app-pages-browser)/./node_modules/.pnpm/next@16.2.1_@babel+core@7.29.0_@opentelemetry+api@1.9.0_babel-plugin-react-compiler@1.0_0686e92fc9dd3d1b2e0aea6aea24f104/node_modules/next/dist/next-devtools/shared/forward-logs-shared.js:27
[   27388ms] [LOG] [Fast Refresh] rebuilding @ webpack-internal:///(app-pages-browser)/./node_modules/.pnpm/next@16.2.1_@babel+core@7.29.0_@opentelemetry+api@1.9.0_babel-plugin-react-compiler@1.0_0686e92fc9dd3d1b2e0aea6aea24f104/node_modules/next/dist/next-devtools/shared/forward-logs-shared.js:27
[   27392ms] [LOG] [Fast Refresh] done in 4ms @ webpack-internal:///(app-pages-browser)/./node_modules/.pnpm/next@16.2.1_@babel+core@7.29.0_@opentelemetry+api@1.9.0_babel-plugin-react-compiler@1.0_0686e92fc9dd3d1b2e0aea6aea24f104/node_modules/next/dist/next-devtools/shared/forward-logs-shared.js:27
[   27626ms] [LOG] [Fast Refresh] done in 237ms @ webpack-internal:///(app-pages-browser)/./node_modules/.pnpm/next@16.2.1_@babel+core@7.29.0_@opentelemetry+api@1.9.0_babel-plugin-react-compiler@1.0_0686e92fc9dd3d1b2e0aea6aea24f104/node_modules/next/dist/next-devtools/shared/forward-logs-shared.js:27
[   27841ms] [LOG] [Fast Refresh] rebuilding @ webpack-internal:///(app-pages-browser)/./node_modules/.pnpm/next@16.2.1_@babel+core@7.29.0_@opentelemetry+api@1.9.0_babel-plugin-react-compiler@1.0_0686e92fc9dd3d1b2e0aea6aea24f104/node_modules/next/dist/next-devtools/shared/forward-logs-shared.js:27
[   27842ms] [ERROR] Failed to load resource: the server responded with a status of 500 (Internal Server Error) @ http://localhost:8931/:0
[   27845ms] Error: An unexpected response was received from the server.
    at fetchServerAction (webpack-internal:///(app-pages-browser)/./node_modules/.pnpm/next@16.2.1_@babel+core@7.29.0_@opentelemetry+api@1.9.0_babel-plugin-react-compiler@1.0_0686e92fc9dd3d1b2e0aea6aea24f104/node_modules/next/dist/client/components/router-reducer/reducers/server-action-reducer.js:118:37)
[   28847ms] [LOG] [Fast Refresh] done in 1006ms @ webpack-internal:///(app-pages-browser)/./node_modules/.pnpm/next@16.2.1_@babel+core@7.29.0_@opentelemetry+api@1.9.0_babel-plugin-react-compiler@1.0_0686e92fc9dd3d1b2e0aea6aea24f104/node_modules/next/dist/next-devtools/shared/forward-logs-shared.js:27
[   28927ms] [LOG] [Fast Refresh] rebuilding @ webpack-internal:///(app-pages-browser)/./node_modules/.pnpm/next@16.2.1_@babel+core@7.29.0_@opentelemetry+api@1.9.0_babel-plugin-react-compiler@1.0_0686e92fc9dd3d1b2e0aea6aea24f104/node_modules/next/dist/next-devtools/shared/forward-logs-shared.js:27
[   29427ms] [LOG] [Fast Refresh] done in 499ms @ webpack-internal:///(app-pages-browser)/./node_modules/.pnpm/next@16.2.1_@babel+core@7.29.0_@opentelemetry+api@1.9.0_babel-plugin-react-compiler@1.0_0686e92fc9dd3d1b2e0aea6aea24f104/node_modules/next/dist/next-devtools/shared/forward-logs-shared.js:27
[   29520ms] [LOG] [Fast Refresh] rebuilding @ webpack-internal:///(app-pages-browser)/./node_modules/.pnpm/next@16.2.1_@babel+core@7.29.0_@opentelemetry+api@1.9.0_babel-plugin-react-compiler@1.0_0686e92fc9dd3d1b2e0aea6aea24f104/node_modules/next/dist/next-devtools/shared/forward-logs-shared.js:27
[   29788ms] [LOG] [Fast Refresh] done in 269ms @ webpack-internal:///(app-pages-browser)/./node_modules/.pnpm/next@16.2.1_@babel+core@7.29.0_@opentelemetry+api@1.9.0_babel-plugin-react-compiler@1.0_0686e92fc9dd3d1b2e0aea6aea24f104/node_modules/next/dist/next-devtools/shared/forward-logs-shared.js:27
[   30257ms] [ERROR] Failed to load resource: the server responded with a status of 500 (Internal Server Error) @ http://localhost:8931/:0
[   30259ms] Error: An unexpected response was received from the server.
    at fetchServerAction (webpack-internal:///(app-pages-browser)/./node_modules/.pnpm/next@16.2.1_@babel+core@7.29.0_@opentelemetry+api@1.9.0_babel-plugin-react-compiler@1.0_0686e92fc9dd3d1b2e0aea6aea24f104/node_modules/next/dist/client/components/router-reducer/reducers/server-action-reducer.js:118:37)
[   31166ms] [LOG] [Fast Refresh] rebuilding @ webpack-internal:///(app-pages-browser)/./node_modules/.pnpm/next@16.2.1_@babel+core@7.29.0_@opentelemetry+api@1.9.0_babel-plugin-react-compiler@1.0_0686e92fc9dd3d1b2e0aea6aea24f104/node_modules/next/dist/next-devtools/shared/forward-logs-shared.js:27
[   31200ms] [LOG] [Fast Refresh] done in 35ms @ webpack-internal:///(app-pages-browser)/./node_modules/.pnpm/next@16.2.1_@babel+core@7.29.0_@opentelemetry+api@1.9.0_babel-plugin-react-compiler@1.0_0686e92fc9dd3d1b2e0aea6aea24f104/node_modules/next/dist/next-devtools/shared/forward-logs-shared.js:27
[   32282ms] [LOG] [Fast Refresh] rebuilding @ webpack-internal:///(app-pages-browser)/./node_modules/.pnpm/next@16.2.1_@babel+core@7.29.0_@opentelemetry+api@1.9.0_babel-plugin-react-compiler@1.0_0686e92fc9dd3d1b2e0aea6aea24f104/node_modules/next/dist/next-devtools/shared/forward-logs-shared.js:27
[   32312ms] [LOG] [Fast Refresh] done in 30ms @ webpack-internal:///(app-pages-browser)/./node_modules/.pnpm/next@16.2.1_@babel+core@7.29.0_@opentelemetry+api@1.9.0_babel-plugin-react-compiler@1.0_0686e92fc9dd3d1b2e0aea6aea24f104/node_modules/next/dist/next-devtools/shared/forward-logs-shared.js:27
[   33132ms] [LOG] [Fast Refresh] rebuilding @ webpack-internal:///(app-pages-browser)/./node_modules/.pnpm/next@16.2.1_@babel+core@7.29.0_@opentelemetry+api@1.9.0_babel-plugin-react-compiler@1.0_0686e92fc9dd3d1b2e0aea6aea24f104/node_modules/next/dist/next-devtools/shared/forward-logs-shared.js:27
[   33164ms] [LOG] [Fast Refresh] done in 32ms @ webpack-internal:///(app-pages-browser)/./node_modules/.pnpm/next@16.2.1_@babel+core@7.29.0_@opentelemetry+api@1.9.0_babel-plugin-react-compiler@1.0_0686e92fc9dd3d1b2e0aea6aea24f104/node_modules/next/dist/next-devtools/shared/forward-logs-shared.js:27
[   33182ms] [LOG] [Fast Refresh] rebuilding @ webpack-internal:///(app-pages-browser)/./node_modules/.pnpm/next@16.2.1_@babel+core@7.29.0_@opentelemetry+api@1.9.0_babel-plugin-react-compiler@1.0_0686e92fc9dd3d1b2e0aea6aea24f104/node_modules/next/dist/next-devtools/shared/forward-logs-shared.js:27
[   33403ms] [LOG] [Fast Refresh] done in 221ms @ webpack-internal:///(app-pages-browser)/./node_modules/.pnpm/next@16.2.1_@babel+core@7.29.0_@opentelemetry+api@1.9.0_babel-plugin-react-compiler@1.0_0686e92fc9dd3d1b2e0aea6aea24f104/node_modules/next/dist/next-devtools/shared/forward-logs-shared.js:27
[   33441ms] [ERROR] Failed to load resource: the server responded with a status of 500 (Internal Server Error) @ http://localhost:8931/:0
[   33442ms] [ERROR] Failed to detect location: Error: An unexpected response was received from the server.
    at fetchServerAction (webpack-internal:///(app-pages-browser)/./node_modules/.pnpm/next@16.2.1_@babel+core@7.29.0_@opentelemetry+api@1.9.0_babel-plugin-react-compiler@1.0_0686e92fc9dd3d1b2e0aea6aea24f104/node_modules/next/dist/client/components/router-reducer/reducers/server-action-reducer.js:118:37) @ webpack-internal:///(app-pages-browser)/./node_modules/.pnpm/next@16.2.1_@babel+core@7.29.0_@opentelemetry+api@1.9.0_babel-plugin-react-compiler@1.0_0686e92fc9dd3d1b2e0aea6aea24f104/node_modules/next/dist/next-devtools/userspace/app/errors/intercept-console-error.js:57
[   33465ms] [LOG] [Fast Refresh] rebuilding @ webpack-internal:///(app-pages-browser)/./node_modules/.pnpm/next@16.2.1_@babel+core@7.29.0_@opentelemetry+api@1.9.0_babel-plugin-react-compiler@1.0_0686e92fc9dd3d1b2e0aea6aea24f104/node_modules/next/dist/next-devtools/shared/forward-logs-shared.js:27
[   34234ms] [LOG] [Fast Refresh] done in 769ms @ webpack-internal:///(app-pages-browser)/./node_modules/.pnpm/next@16.2.1_@babel+core@7.29.0_@opentelemetry+api@1.9.0_babel-plugin-react-compiler@1.0_0686e92fc9dd3d1b2e0aea6aea24f104/node_modules/next/dist/next-devtools/shared/forward-logs-shared.js:27
[   34311ms] [LOG] [Fast Refresh] rebuilding @ webpack-internal:///(app-pages-browser)/./node_modules/.pnpm/next@16.2.1_@babel+core@7.29.0_@opentelemetry+api@1.9.0_babel-plugin-react-compiler@1.0_0686e92fc9dd3d1b2e0aea6aea24f104/node_modules/next/dist/next-devtools/shared/forward-logs-shared.js:27
[   34805ms] [LOG] [Fast Refresh] done in 494ms @ webpack-internal:///(app-pages-browser)/./node_modules/.pnpm/next@16.2.1_@babel+core@7.29.0_@opentelemetry+api@1.9.0_babel-plugin-react-compiler@1.0_0686e92fc9dd3d1b2e0aea6aea24f104/node_modules/next/dist/next-devtools/shared/forward-logs-shared.js:27
[   34884ms] [LOG] [Fast Refresh] rebuilding @ webpack-internal:///(app-pages-browser)/./node_modules/.pnpm/next@16.2.1_@babel+core@7.29.0_@opentelemetry+api@1.9.0_babel-plugin-react-compiler@1.0_0686e92fc9dd3d1b2e0aea6aea24f104/node_modules/next/dist/next-devtools/shared/forward-logs-shared.js:27
[   35126ms] [LOG] [Fast Refresh] done in 243ms @ webpack-internal:///(app-pages-browser)/./node_modules/.pnpm/next@16.2.1_@babel+core@7.29.0_@opentelemetry+api@1.9.0_babel-plugin-react-compiler@1.0_0686e92fc9dd3d1b2e0aea6aea24f104/node_modules/next/dist/next-devtools/shared/forward-logs-shared.js:27
[   35539ms] [ERROR] Failed to load resource: the server responded with a status of 500 (Internal Server Error) @ http://localhost:8931/:0
[   35540ms] [ERROR] Failed to detect location: Error: An unexpected response was received from the server.
    at fetchServerAction (webpack-internal:///(app-pages-browser)/./node_modules/.pnpm/next@16.2.1_@babel+core@7.29.0_@opentelemetry+api@1.9.0_babel-plugin-react-compiler@1.0_0686e92fc9dd3d1b2e0aea6aea24f104/node_modules/next/dist/client/components/router-reducer/reducers/server-action-reducer.js:118:37) @ webpack-internal:///(app-pages-browser)/./node_modules/.pnpm/next@16.2.1_@babel+core@7.29.0_@opentelemetry+api@1.9.0_babel-plugin-react-compiler@1.0_0686e92fc9dd3d1b2e0aea6aea24f104/node_modules/next/dist/next-devtools/userspace/app/errors/intercept-console-error.js:57
[   36444ms] [LOG] [Fast Refresh] rebuilding @ webpack-internal:///(app-pages-browser)/./node_modules/.pnpm/next@16.2.1_@babel+core@7.29.0_@opentelemetry+api@1.9.0_babel-plugin-react-compiler@1.0_0686e92fc9dd3d1b2e0aea6aea24f104/node_modules/next/dist/next-devtools/shared/forward-logs-shared.js:27
[   36458ms] [LOG] [Fast Refresh] rebuilding @ webpack-internal:///(app-pages-browser)/./node_modules/.pnpm/next@16.2.1_@babel+core@7.29.0_@opentelemetry+api@1.9.0_babel-plugin-react-compiler@1.0_0686e92fc9dd3d1b2e0aea6aea24f104/node_modules/next/dist/next-devtools/shared/forward-logs-shared.js:27
[   36480ms] [LOG] [Fast Refresh] done in 22ms @ webpack-internal:///(app-pages-browser)/./node_modules/.pnpm/next@16.2.1_@babel+core@7.29.0_@opentelemetry+api@1.9.0_babel-plugin-react-compiler@1.0_0686e92fc9dd3d1b2e0aea6aea24f104/node_modules/next/dist/next-devtools/shared/forward-logs-shared.js:27
[   37118ms] [LOG] [Fast Refresh] done in 660ms @ webpack-internal:///(app-pages-browser)/./node_modules/.pnpm/next@16.2.1_@babel+core@7.29.0_@opentelemetry+api@1.9.0_babel-plugin-react-compiler@1.0_0686e92fc9dd3d1b2e0aea6aea24f104/node_modules/next/dist/next-devtools/shared/forward-logs-shared.js:27
[   37183ms] [LOG] [Fast Refresh] rebuilding @ webpack-internal:///(app-pages-browser)/./node_modules/.pnpm/next@16.2.1_@babel+core@7.29.0_@opentelemetry+api@1.9.0_babel-plugin-react-compiler@1.0_0686e92fc9dd3d1b2e0aea6aea24f104/node_modules/next/dist/next-devtools/shared/forward-logs-shared.js:27
[   37620ms] [LOG] [Fast Refresh] done in 437ms @ webpack-internal:///(app-pages-browser)/./node_modules/.pnpm/next@16.2.1_@babel+core@7.29.0_@opentelemetry+api@1.9.0_babel-plugin-react-compiler@1.0_0686e92fc9dd3d1b2e0aea6aea24f104/node_modules/next/dist/next-devtools/shared/forward-logs-shared.js:27
[   37706ms] [LOG] [Fast Refresh] rebuilding @ webpack-internal:///(app-pages-browser)/./node_modules/.pnpm/next@16.2.1_@babel+core@7.29.0_@opentelemetry+api@1.9.0_babel-plugin-react-compiler@1.0_0686e92fc9dd3d1b2e0aea6aea24f104/node_modules/next/dist/next-devtools/shared/forward-logs-shared.js:27
[   37973ms] [LOG] [Fast Refresh] done in 268ms @ webpack-internal:///(app-pages-browser)/./node_modules/.pnpm/next@16.2.1_@babel+core@7.29.0_@opentelemetry+api@1.9.0_babel-plugin-react-compiler@1.0_0686e92fc9dd3d1b2e0aea6aea24f104/node_modules/next/dist/next-devtools/shared/forward-logs-shared.js:27
[   38373ms] [ERROR] Failed to load resource: the server responded with a status of 500 (Internal Server Error) @ http://localhost:8931/:0
[   38374ms] Error: An unexpected response was received from the server.
    at fetchServerAction (webpack-internal:///(app-pages-browser)/./node_modules/.pnpm/next@16.2.1_@babel+core@7.29.0_@opentelemetry+api@1.9.0_babel-plugin-react-compiler@1.0_0686e92fc9dd3d1b2e0aea6aea24f104/node_modules/next/dist/client/components/router-reducer/reducers/server-action-reducer.js:118:37)
[   39233ms] [LOG] [Fast Refresh] rebuilding @ webpack-internal:///(app-pages-browser)/./node_modules/.pnpm/next@16.2.1_@babel+core@7.29.0_@opentelemetry+api@1.9.0_babel-plugin-react-compiler@1.0_0686e92fc9dd3d1b2e0aea6aea24f104/node_modules/next/dist/next-devtools/shared/forward-logs-shared.js:27
[   39258ms] [LOG] [Fast Refresh] done in 25ms @ webpack-internal:///(app-pages-browser)/./node_modules/.pnpm/next@16.2.1_@babel+core@7.29.0_@opentelemetry+api@1.9.0_babel-plugin-react-compiler@1.0_0686e92fc9dd3d1b2e0aea6aea24f104/node_modules/next/dist/next-devtools/shared/forward-logs-shared.js:27
[   39803ms] [LOG] [Fast Refresh] rebuilding @ webpack-internal:///(app-pages-browser)/./node_modules/.pnpm/next@16.2.1_@babel+core@7.29.0_@opentelemetry+api@1.9.0_babel-plugin-react-compiler@1.0_0686e92fc9dd3d1b2e0aea6aea24f104/node_modules/next/dist/next-devtools/shared/forward-logs-shared.js:27
[   39839ms] [LOG] [Fast Refresh] done in 35ms @ webpack-internal:///(app-pages-browser)/./node_modules/.pnpm/next@16.2.1_@babel+core@7.29.0_@opentelemetry+api@1.9.0_babel-plugin-react-compiler@1.0_0686e92fc9dd3d1b2e0aea6aea24f104/node_modules/next/dist/next-devtools/shared/forward-logs-shared.js:27
[   40425ms] [LOG] [Fast Refresh] rebuilding @ webpack-internal:///(app-pages-browser)/./node_modules/.pnpm/next@16.2.1_@babel+core@7.29.0_@opentelemetry+api@1.9.0_babel-plugin-react-compiler@1.0_0686e92fc9dd3d1b2e0aea6aea24f104/node_modules/next/dist/next-devtools/shared/forward-logs-shared.js:27
[   40455ms] [LOG] [Fast Refresh] done in 30ms @ webpack-internal:///(app-pages-browser)/./node_modules/.pnpm/next@16.2.1_@babel+core@7.29.0_@opentelemetry+api@1.9.0_babel-plugin-react-compiler@1.0_0686e92fc9dd3d1b2e0aea6aea24f104/node_modules/next/dist/next-devtools/shared/forward-logs-shared.js:27
[   41281ms] [LOG] [Fast Refresh] rebuilding @ webpack-internal:///(app-pages-browser)/./node_modules/.pnpm/next@16.2.1_@babel+core@7.29.0_@opentelemetry+api@1.9.0_babel-plugin-react-compiler@1.0_0686e92fc9dd3d1b2e0aea6aea24f104/node_modules/next/dist/next-devtools/shared/forward-logs-shared.js:27
[   41743ms] [LOG] [Fast Refresh] rebuilding @ webpack-internal:///(app-pages-browser)/./node_modules/.pnpm/next@16.2.1_@babel+core@7.29.0_@opentelemetry+api@1.9.0_babel-plugin-react-compiler@1.0_0686e92fc9dd3d1b2e0aea6aea24f104/node_modules/next/dist/next-devtools/shared/forward-logs-shared.js:27
[   41767ms] [LOG] [Fast Refresh] done in 23ms @ webpack-internal:///(app-pages-browser)/./node_modules/.pnpm/next@16.2.1_@babel+core@7.29.0_@opentelemetry+api@1.9.0_babel-plugin-react-compiler@1.0_0686e92fc9dd3d1b2e0aea6aea24f104/node_modules/next/dist/next-devtools/shared/forward-logs-shared.js:27
[   42070ms] [LOG] [Fast Refresh] done in 326ms @ webpack-internal:///(app-pages-browser)/./node_modules/.pnpm/next@16.2.1_@babel+core@7.29.0_@opentelemetry+api@1.9.0_babel-plugin-react-compiler@1.0_0686e92fc9dd3d1b2e0aea6aea24f104/node_modules/next/dist/next-devtools/shared/forward-logs-shared.js:27
[   42118ms] [ERROR] Failed to load resource: the server responded with a status of 500 (Internal Server Error) @ http://localhost:8931/:0
[   42119ms] Error: An unexpected response was received from the server.
    at fetchServerAction (webpack-internal:///(app-pages-browser)/./node_modules/.pnpm/next@16.2.1_@babel+core@7.29.0_@opentelemetry+api@1.9.0_babel-plugin-react-compiler@1.0_0686e92fc9dd3d1b2e0aea6aea24f104/node_modules/next/dist/client/components/router-reducer/reducers/server-action-reducer.js:118:37)
[   42123ms] [LOG] [Fast Refresh] rebuilding @ webpack-internal:///(app-pages-browser)/./node_modules/.pnpm/next@16.2.1_@babel+core@7.29.0_@opentelemetry+api@1.9.0_babel-plugin-react-compiler@1.0_0686e92fc9dd3d1b2e0aea6aea24f104/node_modules/next/dist/next-devtools/shared/forward-logs-shared.js:27
[   43154ms] [LOG] [Fast Refresh] done in 1032ms @ webpack-internal:///(app-pages-browser)/./node_modules/.pnpm/next@16.2.1_@babel+core@7.29.0_@opentelemetry+api@1.9.0_babel-plugin-react-compiler@1.0_0686e92fc9dd3d1b2e0aea6aea24f104/node_modules/next/dist/next-devtools/shared/forward-logs-shared.js:27
[   43262ms] [LOG] [Fast Refresh] rebuilding @ webpack-internal:///(app-pages-browser)/./node_modules/.pnpm/next@16.2.1_@babel+core@7.29.0_@opentelemetry+api@1.9.0_babel-plugin-react-compiler@1.0_0686e92fc9dd3d1b2e0aea6aea24f104/node_modules/next/dist/next-devtools/shared/forward-logs-shared.js:27
[   43598ms] [LOG] [Fast Refresh] done in 337ms @ webpack-internal:///(app-pages-browser)/./node_modules/.pnpm/next@16.2.1_@babel+core@7.29.0_@opentelemetry+api@1.9.0_babel-plugin-react-compiler@1.0_0686e92fc9dd3d1b2e0aea6aea24f104/node_modules/next/dist/next-devtools/shared/forward-logs-shared.js:27
[   43704ms] [LOG] [Fast Refresh] rebuilding @ webpack-internal:///(app-pages-browser)/./node_modules/.pnpm/next@16.2.1_@babel+core@7.29.0_@opentelemetry+api@1.9.0_babel-plugin-react-compiler@1.0_0686e92fc9dd3d1b2e0aea6aea24f104/node_modules/next/dist/next-devtools/shared/forward-logs-shared.js:27
[   44064ms] [LOG] [Fast Refresh] done in 361ms @ webpack-internal:///(app-pages-browser)/./node_modules/.pnpm/next@16.2.1_@babel+core@7.29.0_@opentelemetry+api@1.9.0_babel-plugin-react-compiler@1.0_0686e92fc9dd3d1b2e0aea6aea24f104/node_modules/next/dist/next-devtools/shared/forward-logs-shared.js:27
[   44086ms] [LOG] [Fast Refresh] rebuilding @ webpack-internal:///(app-pages-browser)/./node_modules/.pnpm/next@16.2.1_@babel+core@7.29.0_@opentelemetry+api@1.9.0_babel-plugin-react-compiler@1.0_0686e92fc9dd3d1b2e0aea6aea24f104/node_modules/next/dist/next-devtools/shared/forward-logs-shared.js:27
[   44446ms] [VERBOSE] [DOM] Input elements should have autocomplete attributes (suggested: "current-password"): (More info: https://goo.gl/9p2vKq) %o @ http://localhost:8931/sign-in:0
[   44937ms] [LOG] [Fast Refresh] done in 851ms @ webpack-internal:///(app-pages-browser)/./node_modules/.pnpm/next@16.2.1_@babel+core@7.29.0_@opentelemetry+api@1.9.0_babel-plugin-react-compiler@1.0_0686e92fc9dd3d1b2e0aea6aea24f104/node_modules/next/dist/next-devtools/shared/forward-logs-shared.js:27
[   44953ms] [LOG] [Fast Refresh] rebuilding @ webpack-internal:///(app-pages-browser)/./node_modules/.pnpm/next@16.2.1_@babel+core@7.29.0_@opentelemetry+api@1.9.0_babel-plugin-react-compiler@1.0_0686e92fc9dd3d1b2e0aea6aea24f104/node_modules/next/dist/next-devtools/shared/forward-logs-shared.js:27
[   45313ms] [LOG] [Fast Refresh] done in 360ms @ webpack-internal:///(app-pages-browser)/./node_modules/.pnpm/next@16.2.1_@babel+core@7.29.0_@opentelemetry+api@1.9.0_babel-plugin-react-compiler@1.0_0686e92fc9dd3d1b2e0aea6aea24f104/node_modules/next/dist/next-devtools/shared/forward-logs-shared.js:27
[   45332ms] [LOG] [Fast Refresh] rebuilding @ webpack-internal:///(app-pages-browser)/./node_modules/.pnpm/next@16.2.1_@babel+core@7.29.0_@opentelemetry+api@1.9.0_babel-plugin-react-compiler@1.0_0686e92fc9dd3d1b2e0aea6aea24f104/node_modules/next/dist/next-devtools/shared/forward-logs-shared.js:27
[   45749ms] [LOG] [Fast Refresh] done in 417ms @ webpack-internal:///(app-pages-browser)/./node_modules/.pnpm/next@16.2.1_@babel+core@7.29.0_@opentelemetry+api@1.9.0_babel-plugin-react-compiler@1.0_0686e92fc9dd3d1b2e0aea6aea24f104/node_modules/next/dist/next-devtools/shared/forward-logs-shared.js:27
[   45798ms] [LOG] [Fast Refresh] rebuilding @ webpack-internal:///(app-pages-browser)/./node_modules/.pnpm/next@16.2.1_@babel+core@7.29.0_@opentelemetry+api@1.9.0_babel-plugin-react-compiler@1.0_0686e92fc9dd3d1b2e0aea6aea24f104/node_modules/next/dist/next-devtools/shared/forward-logs-shared.js:27
[   46527ms] [LOG] [Fast Refresh] done in 728ms @ webpack-internal:///(app-pages-browser)/./node_modules/.pnpm/next@16.2.1_@babel+core@7.29.0_@opentelemetry+api@1.9.0_babel-plugin-react-compiler@1.0_0686e92fc9dd3d1b2e0aea6aea24f104/node_modules/next/dist/next-devtools/shared/forward-logs-shared.js:27
[   46550ms] [LOG] [Fast Refresh] rebuilding @ webpack-internal:///(app-pages-browser)/./node_modules/.pnpm/next@16.2.1_@babel+core@7.29.0_@opentelemetry+api@1.9.0_babel-plugin-react-compiler@1.0_0686e92fc9dd3d1b2e0aea6aea24f104/node_modules/next/dist/next-devtools/shared/forward-logs-shared.js:27
[   46921ms] [LOG] [Fast Refresh] done in 372ms @ webpack-internal:///(app-pages-browser)/./node_modules/.pnpm/next@16.2.1_@babel+core@7.29.0_@opentelemetry+api@1.9.0_babel-plugin-react-compiler@1.0_0686e92fc9dd3d1b2e0aea6aea24f104/node_modules/next/dist/next-devtools/shared/forward-logs-shared.js:27
[   46939ms] [LOG] [Fast Refresh] rebuilding @ webpack-internal:///(app-pages-browser)/./node_modules/.pnpm/next@16.2.1_@babel+core@7.29.0_@opentelemetry+api@1.9.0_babel-plugin-react-compiler@1.0_0686e92fc9dd3d1b2e0aea6aea24f104/node_modules/next/dist/next-devtools/shared/forward-logs-shared.js:27
[   47487ms] [LOG] %c%s color: red; background: yellow; font-size: 24px; AVISO @ https://www.gstatic.com/_/mss/boq-identity/_/js/k=boq-identity.AccountsSignInUi.pt_BR._9isWIv7Y4g.es5.O/am=Kf8GAABCEUgGwP___zcAIACCaOB6FoAmEBkAAAAAAAAAALBCAAAaAQ/d=1/excm=_b,_tp,accountchooserview/ed=1/dg=0/wt=2/ujg=1/rs=AOaEmlFNOEuH7ymXYccwexsvbUcnuUIYOA/dti=1/m=_b,_tp:468
[   47487ms] [LOG] %c%s font-size: 18px; O uso deste console pode permitir que invasores falsifiquem sua identidade para roubar informações por meio de um ataque chamado Self-XSS.
Não insira nem cole códigos que você não conheça. @ https://www.gstatic.com/_/mss/boq-identity/_/js/k=boq-identity.AccountsSignInUi.pt_BR._9isWIv7Y4g.es5.O/am=Kf8GAABCEUgGwP___zcAIACCaOB6FoAmEBkAAAAAAAAAALBCAAAaAQ/d=1/excm=_b,_tp,accountchooserview/ed=1/dg=0/wt=2/ujg=1/rs=AOaEmlFNOEuH7ymXYccwexsvbUcnuUIYOA/dti=1/m=_b,_tp:468
[   51135ms] [LOG] %c%s color: red; background: yellow; font-size: 24px; AVISO @ https://www.gstatic.com/_/mss/boq-identity/_/js/k=boq-identity.OAuthUi.pt_BR.xxffONUYlWM.es5.O/am=nh8AAAAQgAHAP_7_3wBBaLCeASgQAAAAAAAAAACGAAAR/d=1/excm=_b,_tp,attributesview/ed=1/dg=0/wt=2/ujg=1/rs=AOaEmlFyscOggvIaGeMAp2Fj5fFiqQU2kg/dti=1/m=_b,_tp:480
[   51135ms] [LOG] %c%s font-size: 18px; O uso deste console pode permitir que invasores falsifiquem sua identidade para roubar informações por meio de um ataque chamado Self-XSS.
Não insira nem cole códigos que você não conheça. @ https://www.gstatic.com/_/mss/boq-identity/_/js/k=boq-identity.OAuthUi.pt_BR.xxffONUYlWM.es5.O/am=nh8AAAAQgAHAP_7_3wBBaLCeASgQAAAAAAAAAACGAAAR/d=1/excm=_b,_tp,attributesview/ed=1/dg=0/wt=2/ujg=1/rs=AOaEmlFyscOggvIaGeMAp2Fj5fFiqQU2kg/dti=1/m=_b,_tp:480
[   53931ms] [INFO] %cDownload the React DevTools for a better development experience: https://react.dev/link/react-devtools font-weight:bold @ webpack-internal:///(app-pages-browser)/./node_modules/.pnpm/next@16.2.1_@babel+core@7.29.0_@opentelemetry+api@1.9.0_babel-plugin-react-compiler@1.0_0686e92fc9dd3d1b2e0aea6aea24f104/node_modules/next/dist/next-devtools/shared/forward-logs-shared.js:27
[   54066ms] [LOG] [HMR] connected @ webpack-internal:///(app-pages-browser)/./node_modules/.pnpm/next@16.2.1_@babel+core@7.29.0_@opentelemetry+api@1.9.0_babel-plugin-react-compiler@1.0_0686e92fc9dd3d1b2e0aea6aea24f104/node_modules/next/dist/next-devtools/shared/forward-logs-shared.js:27
[   54128ms] [LOG] %c[Vercel Web Analytics]%c Debug mode is enabled by default in development. No requests will be sent to the server. color: rgb(120, 120, 120) color: inherit @ webpack-internal:///(app-pages-browser)/./node_modules/.pnpm/next@16.2.1_@babel+core@7.29.0_@opentelemetry+api@1.9.0_babel-plugin-react-compiler@1.0_0686e92fc9dd3d1b2e0aea6aea24f104/node_modules/next/dist/next-devtools/shared/forward-logs-shared.js:27
[   54129ms] [LOG] %c[Vercel Web Analytics]%c [view] http://localhost:8931/sign-in/sso-callback color: rgb(120, 120, 120) color: inherit {o: http://localhost:8931/sign-in/sso-callback, sv: 0.1.3, sdkn: @vercel/analytics/react, sdkv: 2.0.1, ts: 1777216980838} /_vercel/insights/view @ webpack-internal:///(app-pages-browser)/./node_modules/.pnpm/next@16.2.1_@babel+core@7.29.0_@opentelemetry+api@1.9.0_babel-plugin-react-compiler@1.0_0686e92fc9dd3d1b2e0aea6aea24f104/node_modules/next/dist/next-devtools/shared/forward-logs-shared.js:27
[   54161ms] [LOG] %c[Vercel Speed Insights]%c Debug mode is enabled by default in development. No requests will be sent to the server. color: rgb(120, 120, 120) color: inherit @ webpack-internal:///(app-pages-browser)/./node_modules/.pnpm/next@16.2.1_@babel+core@7.29.0_@opentelemetry+api@1.9.0_babel-plugin-react-compiler@1.0_0686e92fc9dd3d1b2e0aea6aea24f104/node_modules/next/dist/next-devtools/shared/forward-logs-shared.js:27
[   54189ms] [WARNING] Clerk: Clerk has been loaded with development keys. Development instances have strict usage limits and should not be used when deploying your application to production. Learn more: https://clerk.com/docs/deployments/overview @ webpack-internal:///(app-pages-browser)/./node_modules/.pnpm/next@16.2.1_@babel+core@7.29.0_@opentelemetry+api@1.9.0_babel-plugin-react-compiler@1.0_0686e92fc9dd3d1b2e0aea6aea24f104/node_modules/next/dist/next-devtools/shared/forward-logs-shared.js:27
[   54406ms] [LOG] [Fast Refresh] rebuilding @ webpack-internal:///(app-pages-browser)/./node_modules/.pnpm/next@16.2.1_@babel+core@7.29.0_@opentelemetry+api@1.9.0_babel-plugin-react-compiler@1.0_0686e92fc9dd3d1b2e0aea6aea24f104/node_modules/next/dist/next-devtools/shared/forward-logs-shared.js:27
[   54447ms] [LOG] [Fast Refresh] done in 40ms @ webpack-internal:///(app-pages-browser)/./node_modules/.pnpm/next@16.2.1_@babel+core@7.29.0_@opentelemetry+api@1.9.0_babel-plugin-react-compiler@1.0_0686e92fc9dd3d1b2e0aea6aea24f104/node_modules/next/dist/next-devtools/shared/forward-logs-shared.js:27
[   54876ms] [LOG] [Fast Refresh] rebuilding @ webpack-internal:///(app-pages-browser)/./node_modules/.pnpm/next@16.2.1_@babel+core@7.29.0_@opentelemetry+api@1.9.0_babel-plugin-react-compiler@1.0_0686e92fc9dd3d1b2e0aea6aea24f104/node_modules/next/dist/next-devtools/shared/forward-logs-shared.js:27
[   55223ms] [LOG] [Fast Refresh] done in 346ms @ webpack-internal:///(app-pages-browser)/./node_modules/.pnpm/next@16.2.1_@babel+core@7.29.0_@opentelemetry+api@1.9.0_babel-plugin-react-compiler@1.0_0686e92fc9dd3d1b2e0aea6aea24f104/node_modules/next/dist/next-devtools/shared/forward-logs-shared.js:27
[   55782ms] [LOG] [Fast Refresh] rebuilding @ webpack-internal:///(app-pages-browser)/./node_modules/.pnpm/next@16.2.1_@babel+core@7.29.0_@opentelemetry+api@1.9.0_babel-plugin-react-compiler@1.0_0686e92fc9dd3d1b2e0aea6aea24f104/node_modules/next/dist/next-devtools/shared/forward-logs-shared.js:27
[   55871ms] [LOG] [Fast Refresh] done in 90ms @ webpack-internal:///(app-pages-browser)/./node_modules/.pnpm/next@16.2.1_@babel+core@7.29.0_@opentelemetry+api@1.9.0_babel-plugin-react-compiler@1.0_0686e92fc9dd3d1b2e0aea6aea24f104/node_modules/next/dist/next-devtools/shared/forward-logs-shared.js:27
[   56171ms] [ERROR] This document requires 'TrustedHTML' assignment. The action has been blocked. @ https://challenges.cloudflare.com/cdn-cgi/challenge-platform/h/g/turnstile/f/ov2/av0/rch/pmv5k/0x4AAAAAAAWXJGBD7bONzLBd/auto/fbE/new/normal?lang=en-us:0
[   56171ms] [ERROR] This document requires 'TrustedHTML' assignment. The action has been blocked. @ https://challenges.cloudflare.com/cdn-cgi/challenge-platform/h/g/turnstile/f/ov2/av0/rch/pmv5k/0x4AAAAAAAWXJGBD7bONzLBd/auto/fbE/new/normal?lang=en-us:0
[   56171ms] [ERROR] This document requires 'TrustedScript' assignment. The action has been blocked. @ https://challenges.cloudflare.com/cdn-cgi/challenge-platform/h/g/turnstile/f/ov2/av0/rch/pmv5k/0x4AAAAAAAWXJGBD7bONzLBd/auto/fbE/new/normal?lang=en-us:0
[   56171ms] [ERROR] This document requires 'TrustedScript' assignment. The action has been blocked. @ https://challenges.cloudflare.com/cdn-cgi/challenge-platform/h/g/turnstile/f/ov2/av0/rch/pmv5k/0x4AAAAAAAWXJGBD7bONzLBd/auto/fbE/new/normal?lang=en-us:0
[   56171ms] [ERROR] This document requires 'TrustedScriptURL' assignment. The action has been blocked. @ https://challenges.cloudflare.com/cdn-cgi/challenge-platform/h/g/turnstile/f/ov2/av0/rch/pmv5k/0x4AAAAAAAWXJGBD7bONzLBd/auto/fbE/new/normal?lang=en-us:0
[   56171ms] [ERROR] This document requires 'TrustedScriptURL' assignment. The action has been blocked. @ https://challenges.cloudflare.com/cdn-cgi/challenge-platform/h/g/turnstile/f/ov2/av0/rch/pmv5k/0x4AAAAAAAWXJGBD7bONzLBd/auto/fbE/new/normal?lang=en-us:0
[   56175ms] [ERROR] Executing inline script violates the following Content Security Policy directive 'script-src 'nonce-4VLryhuy6eDW52qClBCwgF' 'unsafe-eval''. Either the 'unsafe-inline' keyword, a hash ('sha256-eJGI0Ik4oYe/PKLDOt4wcN76wYs8h+Ew05pMzdY6xG8='), or a nonce ('nonce-...') is required to enable inline execution. The action has been blocked. @ about:srcdoc:0
[   56175ms] [ERROR] Executing inline script violates the following Content Security Policy directive 'script-src 'nonce-4VLryhuy6eDW52qClBCwgF' 'unsafe-eval''. Either the 'unsafe-inline' keyword, a hash ('sha256-eJGI0Ik4oYe/PKLDOt4wcN76wYs8h+Ew05pMzdY6xG8='), or a nonce ('nonce-...') is required to enable inline execution. The action has been blocked. @ about:srcdoc:0
[   56175ms] [ERROR] This document requires 'TrustedScript' assignment. The action has been blocked. @ https://challenges.cloudflare.com/cdn-cgi/challenge-platform/h/g/turnstile/f/ov2/av0/rch/pmv5k/0x4AAAAAAAWXJGBD7bONzLBd/auto/fbE/new/normal?lang=en-us:0
[   56175ms] [ERROR] This document requires 'TrustedScript' assignment. The action has been blocked. @ https://challenges.cloudflare.com/cdn-cgi/challenge-platform/h/g/turnstile/f/ov2/av0/rch/pmv5k/0x4AAAAAAAWXJGBD7bONzLBd/auto/fbE/new/normal?lang=en-us:0
[   56299ms] [LOG] /.*.*=.*/ @ https://challenges.cloudflare.com/cdn-cgi/challenge-platform/h/g/turnstile/f/ov2/av0/rch/pmv5k/0x4AAAAAAAWXJGBD7bONzLBd/auto/fbE/new/normal?lang=en-us:0
[   56300ms] [LOG] /.*.*=.*/ @ https://challenges.cloudflare.com/cdn-cgi/challenge-platform/h/g/turnstile/f/ov2/av0/rch/pmv5k/0x4AAAAAAAWXJGBD7bONzLBd/auto/fbE/new/normal?lang=en-us:0
[   56300ms] [LOG] function () { [native code] } @ https://challenges.cloudflare.com/cdn-cgi/challenge-platform/h/g/turnstile/f/ov2/av0/rch/pmv5k/0x4AAAAAAAWXJGBD7bONzLBd/auto/fbE/new/normal?lang=en-us:0
[   56300ms] [LOG] function () { [native code] } @ https://challenges.cloudflare.com/cdn-cgi/challenge-platform/h/g/turnstile/f/ov2/av0/rch/pmv5k/0x4AAAAAAAWXJGBD7bONzLBd/auto/fbE/new/normal?lang=en-us:0
[   56300ms] [LOG] JSHandle@node @ https://challenges.cloudflare.com/cdn-cgi/challenge-platform/h/g/turnstile/f/ov2/av0/rch/pmv5k/0x4AAAAAAAWXJGBD7bONzLBd/auto/fbE/new/normal?lang=en-us:0
[   56301ms] [LOG] JSHandle@node @ https://challenges.cloudflare.com/cdn-cgi/challenge-platform/h/g/turnstile/f/ov2/av0/rch/pmv5k/0x4AAAAAAAWXJGBD7bONzLBd/auto/fbE/new/normal?lang=en-us:0
[   56301ms] [COUNT]  : 1 @ https://challenges.cloudflare.com/cdn-cgi/challenge-platform/h/g/turnstile/f/ov2/av0/rch/pmv5k/0x4AAAAAAAWXJGBD7bONzLBd/auto/fbE/new/normal?lang=en-us:0
[   56301ms] [COUNT]  : 1 @ https://challenges.cloudflare.com/cdn-cgi/challenge-platform/h/g/turnstile/f/ov2/av0/rch/pmv5k/0x4AAAAAAAWXJGBD7bONzLBd/auto/fbE/new/normal?lang=en-us:0
[   56301ms] [DIR]  Error @ https://challenges.cloudflare.com/cdn-cgi/challenge-platform/h/g/turnstile/f/ov2/av0/rch/pmv5k/0x4AAAAAAAWXJGBD7bONzLBd/auto/fbE/new/normal?lang=en-us:0
[   56301ms] [DIR]  Error @ https://challenges.cloudflare.com/cdn-cgi/challenge-platform/h/g/turnstile/f/ov2/av0/rch/pmv5k/0x4AAAAAAAWXJGBD7bONzLBd/auto/fbE/new/normal?lang=en-us:0
[   56301ms] [DIRXML] %c%d font-size:0;color:transparent Error @ https://challenges.cloudflare.com/cdn-cgi/challenge-platform/h/g/turnstile/f/ov2/av0/rch/pmv5k/0x4AAAAAAAWXJGBD7bONzLBd/auto/fbE/new/normal?lang=en-us:0
[   56302ms] [DIRXML] %c%d font-size:0;color:transparent Error @ https://challenges.cloudflare.com/cdn-cgi/challenge-platform/h/g/turnstile/f/ov2/av0/rch/pmv5k/0x4AAAAAAAWXJGBD7bONzLBd/auto/fbE/new/normal?lang=en-us:0
[   56302ms] [ERROR] %c%d font-size:0;color:transparent NaN @ https://challenges.cloudflare.com/cdn-cgi/challenge-platform/h/g/turnstile/f/ov2/av0/rch/pmv5k/0x4AAAAAAAWXJGBD7bONzLBd/auto/fbE/new/normal?lang=en-us:0
[   56302ms] [ERROR] %c%d font-size:0;color:transparent NaN @ https://challenges.cloudflare.com/cdn-cgi/challenge-platform/h/g/turnstile/f/ov2/av0/rch/pmv5k/0x4AAAAAAAWXJGBD7bONzLBd/auto/fbE/new/normal?lang=en-us:0
[   56302ms] [INFO] %c%d font-size:0;color:transparent NaN @ https://challenges.cloudflare.com/cdn-cgi/challenge-platform/h/g/turnstile/f/ov2/av0/rch/pmv5k/0x4AAAAAAAWXJGBD7bONzLBd/auto/fbE/new/normal?lang=en-us:0
[   56302ms] [INFO] %c%d font-size:0;color:transparent NaN @ https://challenges.cloudflare.com/cdn-cgi/challenge-platform/h/g/turnstile/f/ov2/av0/rch/pmv5k/0x4AAAAAAAWXJGBD7bONzLBd/auto/fbE/new/normal?lang=en-us:0
[   56303ms] [LOG] %c%d font-size:0;color:transparent NaN @ https://challenges.cloudflare.com/cdn-cgi/challenge-platform/h/g/turnstile/f/ov2/av0/rch/pmv5k/0x4AAAAAAAWXJGBD7bONzLBd/auto/fbE/new/normal?lang=en-us:0
[   56303ms] [LOG] %c%d font-size:0;color:transparent NaN @ https://challenges.cloudflare.com/cdn-cgi/challenge-platform/h/g/turnstile/f/ov2/av0/rch/pmv5k/0x4AAAAAAAWXJGBD7bONzLBd/auto/fbE/new/normal?lang=en-us:0
[   56303ms] [TABLE] %c%d font-size:0;color:transparent Error @ https://challenges.cloudflare.com/cdn-cgi/challenge-platform/h/g/turnstile/f/ov2/av0/rch/pmv5k/0x4AAAAAAAWXJGBD7bONzLBd/auto/fbE/new/normal?lang=en-us:0
[   56303ms] [TABLE] %c%d font-size:0;color:transparent Error @ https://challenges.cloudflare.com/cdn-cgi/challenge-platform/h/g/turnstile/f/ov2/av0/rch/pmv5k/0x4AAAAAAAWXJGBD7bONzLBd/auto/fbE/new/normal?lang=en-us:0
[   56304ms] [WARNING] %c%d font-size:0;color:transparent NaN @ https://challenges.cloudflare.com/cdn-cgi/challenge-platform/h/g/turnstile/f/ov2/av0/rch/pmv5k/0x4AAAAAAAWXJGBD7bONzLBd/auto/fbE/new/normal?lang=en-us:0
[   56304ms] [WARNING] %c%d font-size:0;color:transparent NaN @ https://challenges.cloudflare.com/cdn-cgi/challenge-platform/h/g/turnstile/f/ov2/av0/rch/pmv5k/0x4AAAAAAAWXJGBD7bONzLBd/auto/fbE/new/normal?lang=en-us:0
[   56326ms] [LOG] [Fast Refresh] rebuilding @ webpack-internal:///(app-pages-browser)/./node_modules/.pnpm/next@16.2.1_@babel+core@7.29.0_@opentelemetry+api@1.9.0_babel-plugin-react-compiler@1.0_0686e92fc9dd3d1b2e0aea6aea24f104/node_modules/next/dist/next-devtools/shared/forward-logs-shared.js:27
[   56330ms] [WARNING] Form submission canceled because the form is not connected @ https://challenges.cloudflare.com/cdn-cgi/challenge-platform/h/g/turnstile/f/ov2/av0/rch/pmv5k/0x4AAAAAAAWXJGBD7bONzLBd/auto/fbE/new/normal?lang=en-us:0
[   56354ms] [LOG] [Fast Refresh] done in 28ms @ webpack-internal:///(app-pages-browser)/./node_modules/.pnpm/next@16.2.1_@babel+core@7.29.0_@opentelemetry+api@1.9.0_babel-plugin-react-compiler@1.0_0686e92fc9dd3d1b2e0aea6aea24f104/node_modules/next/dist/next-devtools/shared/forward-logs-shared.js:27
[   56686ms] [ERROR] Permissions policy violation: xr-spatial-tracking is not allowed in this document. @ https://challenges.cloudflare.com/cdn-cgi/challenge-platform/h/g/turnstile/f/ov2/av0/rch/pmv5k/0x4AAAAAAAWXJGBD7bONzLBd/auto/fbE/new/normal?lang=en-us:0
[   56687ms] [ERROR] Permissions policy violation: xr-spatial-tracking is not allowed in this document. @ https://challenges.cloudflare.com/cdn-cgi/challenge-platform/h/g/turnstile/f/ov2/av0/rch/pmv5k/0x4AAAAAAAWXJGBD7bONzLBd/auto/fbE/new/normal?lang=en-us:0
[   56782ms] [LOG] [Fast Refresh] rebuilding @ webpack-internal:///(app-pages-browser)/./node_modules/.pnpm/next@16.2.1_@babel+core@7.29.0_@opentelemetry+api@1.9.0_babel-plugin-react-compiler@1.0_0686e92fc9dd3d1b2e0aea6aea24f104/node_modules/next/dist/next-devtools/shared/forward-logs-shared.js:27
[   56799ms] [LOG] [Fast Refresh] done in 17ms @ webpack-internal:///(app-pages-browser)/./node_modules/.pnpm/next@16.2.1_@babel+core@7.29.0_@opentelemetry+api@1.9.0_babel-plugin-react-compiler@1.0_0686e92fc9dd3d1b2e0aea6aea24f104/node_modules/next/dist/next-devtools/shared/forward-logs-shared.js:27
[   56983ms] [LOG] The next request for the Private Access Token challenge may return a 401 and show a warning in console. @ https://challenges.cloudflare.com/cdn-cgi/challenge-platform/h/g/turnstile/f/ov2/av0/rch/pmv5k/0x4AAAAAAAWXJGBD7bONzLBd/auto/fbE/new/normal?lang=en-us:0
[   57008ms] [ERROR] Failed to load resource: the server responded with a status of 401 () @ https://challenges.cloudflare.com/cdn-cgi/challenge-platform/h/g/pat/9f2696162f9264f7/1777216982636/1de33f63d024aa052691eb37481ce43086afa85aec134670a3e9e87f1d70b084/aiAlS1AGmHk16dy:0
[   57887ms] [LOG] [Fast Refresh] rebuilding @ webpack-internal:///(app-pages-browser)/./node_modules/.pnpm/next@16.2.1_@babel+core@7.29.0_@opentelemetry+api@1.9.0_babel-plugin-react-compiler@1.0_0686e92fc9dd3d1b2e0aea6aea24f104/node_modules/next/dist/next-devtools/shared/forward-logs-shared.js:27
[   57932ms] [LOG] [Fast Refresh] done in 45ms @ webpack-internal:///(app-pages-browser)/./node_modules/.pnpm/next@16.2.1_@babel+core@7.29.0_@opentelemetry+api@1.9.0_babel-plugin-react-compiler@1.0_0686e92fc9dd3d1b2e0aea6aea24f104/node_modules/next/dist/next-devtools/shared/forward-logs-shared.js:27
[   58422ms] [LOG] [Fast Refresh] rebuilding @ webpack-internal:///(app-pages-browser)/./node_modules/.pnpm/next@16.2.1_@babel+core@7.29.0_@opentelemetry+api@1.9.0_babel-plugin-react-compiler@1.0_0686e92fc9dd3d1b2e0aea6aea24f104/node_modules/next/dist/next-devtools/shared/forward-logs-shared.js:27
[   58486ms] [LOG] [Fast Refresh] done in 64ms @ webpack-internal:///(app-pages-browser)/./node_modules/.pnpm/next@16.2.1_@babel+core@7.29.0_@opentelemetry+api@1.9.0_babel-plugin-react-compiler@1.0_0686e92fc9dd3d1b2e0aea6aea24f104/node_modules/next/dist/next-devtools/shared/forward-logs-shared.js:27
[   59163ms] [LOG] [Fast Refresh] rebuilding @ webpack-internal:///(app-pages-browser)/./node_modules/.pnpm/next@16.2.1_@babel+core@7.29.0_@opentelemetry+api@1.9.0_babel-plugin-react-compiler@1.0_0686e92fc9dd3d1b2e0aea6aea24f104/node_modules/next/dist/next-devtools/shared/forward-logs-shared.js:27
[   59372ms] [LOG] [Fast Refresh] done in 209ms @ webpack-internal:///(app-pages-browser)/./node_modules/.pnpm/next@16.2.1_@babel+core@7.29.0_@opentelemetry+api@1.9.0_babel-plugin-react-compiler@1.0_0686e92fc9dd3d1b2e0aea6aea24f104/node_modules/next/dist/next-devtools/shared/forward-logs-shared.js:27
[   59395ms] [LOG] [Fast Refresh] rebuilding @ webpack-internal:///(app-pages-browser)/./node_modules/.pnpm/next@16.2.1_@babel+core@7.29.0_@opentelemetry+api@1.9.0_babel-plugin-react-compiler@1.0_0686e92fc9dd3d1b2e0aea6aea24f104/node_modules/next/dist/next-devtools/shared/forward-logs-shared.js:27
[   59447ms] [LOG] [Fast Refresh] done in 51ms @ webpack-internal:///(app-pages-browser)/./node_modules/.pnpm/next@16.2.1_@babel+core@7.29.0_@opentelemetry+api@1.9.0_babel-plugin-react-compiler@1.0_0686e92fc9dd3d1b2e0aea6aea24f104/node_modules/next/dist/next-devtools/shared/forward-logs-shared.js:27
[   60142ms] [LOG] [Fast Refresh] rebuilding @ webpack-internal:///(app-pages-browser)/./node_modules/.pnpm/next@16.2.1_@babel+core@7.29.0_@opentelemetry+api@1.9.0_babel-plugin-react-compiler@1.0_0686e92fc9dd3d1b2e0aea6aea24f104/node_modules/next/dist/next-devtools/shared/forward-logs-shared.js:27
[   60187ms] [LOG] [Fast Refresh] done in 45ms @ webpack-internal:///(app-pages-browser)/./node_modules/.pnpm/next@16.2.1_@babel+core@7.29.0_@opentelemetry+api@1.9.0_babel-plugin-react-compiler@1.0_0686e92fc9dd3d1b2e0aea6aea24f104/node_modules/next/dist/next-devtools/shared/forward-logs-shared.js:27
[   60769ms] [LOG] [Fast Refresh] rebuilding @ webpack-internal:///(app-pages-browser)/./node_modules/.pnpm/next@16.2.1_@babel+core@7.29.0_@opentelemetry+api@1.9.0_babel-plugin-react-compiler@1.0_0686e92fc9dd3d1b2e0aea6aea24f104/node_modules/next/dist/next-devtools/shared/forward-logs-shared.js:27
[   60796ms] [LOG] [Fast Refresh] done in 26ms @ webpack-internal:///(app-pages-browser)/./node_modules/.pnpm/next@16.2.1_@babel+core@7.29.0_@opentelemetry+api@1.9.0_babel-plugin-react-compiler@1.0_0686e92fc9dd3d1b2e0aea6aea24f104/node_modules/next/dist/next-devtools/shared/forward-logs-shared.js:27
